2025-03-29 14:11:26,862 INFO: Received analysis request for URL: realDonaldTrump [in C:\SSD\ELVTR\Coding Projects\DetoxX2\app.py:61]
2025-03-29 14:11:27,820 ERROR: No tweets found for URL: realDonaldTrump [in C:\SSD\ELVTR\Coding Projects\DetoxX2\app.py:66]
2025-03-29 14:11:56,416 INFO: Received analysis request for URL: https://x.com/realdonaldtrump [in C:\SSD\ELVTR\Coding Projects\DetoxX2\app.py:61]
2025-03-29 14:11:57,538 ERROR: No tweets found for URL: https://x.com/realdonaldtrump [in C:\SSD\ELVTR\Coding Projects\DetoxX2\app.py:66]
2025-03-29 14:19:37,076 INFO: Received analysis request for URL: https://trumpersaretraitors.quora.com/Dear-Liberals-If-Joe-Rogan-walked-up-to-you-at-a-Dennys-and-told-you-that-you-could-become-a-MAGA-Republican-or-he-wo-1339?__nsrc__=4&__snid3__=84666940494 [in C:\SSD\ELVTR\Coding Projects\DetoxX2\app.py:61]
2025-03-29 14:19:38,218 ERROR: No content found for URL: https://trumpersaretraitors.quora.com/Dear-Liberals-If-Joe-Rogan-walked-up-to-you-at-a-Dennys-and-told-you-that-you-could-become-a-MAGA-Republican-or-he-wo-1339?__nsrc__=4&__snid3__=84666940494 [in C:\SSD\ELVTR\Coding Projects\DetoxX2\app.py:66]
2025-03-29 14:20:35,749 INFO: Received analysis request for URL: https://trumpersaretraitors.quora.com/Dear-Liberals-If-Joe-Rogan-walked-up-to-you-at-a-Dennys-and-told-you-that-you-could-become-a-MAGA-Republican-or-he-wo-1339?__nsrc__=4&__snid3__=84666940494 [in C:\SSD\ELVTR\Coding Projects\DetoxX2\app.py:61]
2025-03-29 14:20:40,266 ERROR: No content found for URL: https://trumpersaretraitors.quora.com/Dear-Liberals-If-Joe-Rogan-walked-up-to-you-at-a-Dennys-and-told-you-that-you-could-become-a-MAGA-Republican-or-he-wo-1339?__nsrc__=4&__snid3__=84666940494 [in C:\SSD\ELVTR\Coding Projects\DetoxX2\app.py:66]
2025-03-29 14:24:48,252 INFO: Received analysis request for URL: https://trumpersaretraitors.quora.com/Dear-Liberals-If-Joe-Rogan-walked-up-to-you-at-a-Dennys-and-told-you-that-you-could-become-a-MAGA-Republican-or-he-wo-1339?__nsrc__=4&__snid3__=84666940494 [in C:\SSD\ELVTR\Coding Projects\DetoxX2\app.py:61]
2025-03-29 14:25:06,098 ERROR: No content found for URL: https://trumpersaretraitors.quora.com/Dear-Liberals-If-Joe-Rogan-walked-up-to-you-at-a-Dennys-and-told-you-that-you-could-become-a-MAGA-Republican-or-he-wo-1339?__nsrc__=4&__snid3__=84666940494 [in C:\SSD\ELVTR\Coding Projects\DetoxX2\app.py:66]
2025-03-29 14:26:24,353 INFO: Received analysis request for URL: https://www.quora.com/Why-does-Trump-behave-the-way-he-does [in C:\SSD\ELVTR\Coding Projects\DetoxX2\app.py:61]
2025-03-29 14:26:24,356 ERROR: No content found for URL: https://www.quora.com/Why-does-Trump-behave-the-way-he-does [in C:\SSD\ELVTR\Coding Projects\DetoxX2\app.py:66]
2025-03-30 09:36:06,626 INFO: Analyzing content from URL: http://x.com/realDonaldTrump [in C:\SSD\ELVTR\Coding Projects\DetoxX2\app.py:35]
2025-03-30 09:43:44,354 INFO: Analyzing content from URL: http://x.com/realDonaldTrump [in C:\SSD\ELVTR\Coding Projects\DetoxX2\app.py:35]
2025-03-30 09:46:17,030 INFO: Analyzing content from URL: http://x.com/realDonaldTrump [in C:\SSD\ELVTR\Coding Projects\DetoxX2\app.py:35]
2025-03-30 09:49:36,439 INFO: Analyzing content from URL: http://x.com/realdonaldtrump [in C:\SSD\ELVTR\Coding Projects\DetoxX2\app.py:35]
2025-03-30 09:52:20,751 INFO: Analyzing content from URL: http://x.com/realDonaldTrump [in C:\SSD\ELVTR\Coding Projects\DetoxX2\app.py:35]
2025-03-30 09:57:14,422 INFO: Analyzing content from URL: http://x.com/realDonaldTrump [in C:\SSD\ELVTR\Coding Projects\DetoxX2\app.py:35]
2025-03-30 10:02:47,494 INFO: Analyzing content from URL: http://x.com/realDonaldTrump [in C:\SSD\ELVTR\Coding Projects\DetoxX2\app.py:35]
2025-03-30 10:08:11,760 INFO: Analyzing content from URL: http://x.com/realDonaldTrump [in C:\SSD\ELVTR\Coding Projects\DetoxX2\app.py:35]
2025-03-30 10:09:35,945 INFO: Analyzing content from URL: http://x.com/realDonaldTrump [in C:\SSD\ELVTR\Coding Projects\DetoxX2\app.py:35]
2025-03-30 10:11:31,307 INFO: Analyzing content from URL: http://x.com/realDonaldTrump [in C:\SSD\ELVTR\Coding Projects\DetoxX2\app.py:35]
2025-03-30 10:16:08,749 INFO: Analyzing content from URL: http://x.com/realDonaldTrump [in C:\SSD\ELVTR\Coding Projects\DetoxX2\app.py:35]
2025-03-30 10:20:42,613 INFO: Analyzing content from URL: http://x.com/realDonaldTrump [in C:\SSD\ELVTR\Coding Projects\DetoxX2\app.py:35]
2025-03-30 10:23:50,604 INFO: Analyzing content from URL: http://x.com/realdonaldtrump [in C:\SSD\ELVTR\Coding Projects\DetoxX2\app.py:35]
2025-03-30 10:25:08,885 INFO: Analyzing content from URL: http://x.com/realdonaldtrump [in C:\SSD\ELVTR\Coding Projects\DetoxX2\app.py:35]
2025-03-30 10:26:31,402 INFO: Analyzing content from URL: http://x.com/realdonaldtrump [in C:\SSD\ELVTR\Coding Projects\DetoxX2\app.py:35]
2025-03-30 10:28:22,026 INFO: Analyzing content from URL: http://x.com/realdonaldtrump [in C:\SSD\ELVTR\Coding Projects\DetoxX2\app.py:35]
2025-03-30 17:58:50,385 INFO: Analyzing content from URL: http://x.com/realdonaldtrump [in C:\SSD\ELVTR\Coding Projects\DetoxX2\app.py:35]
2025-03-30 18:03:03,849 INFO: Analyzing content from URL: http://x.com/realdonaldtrump [in C:\SSD\ELVTR\Coding Projects\DetoxX2\app.py:35]
2025-03-30 18:04:47,502 INFO: Analyzing content from URL: http://x.com/realdonaldtrump [in C:\SSD\ELVTR\Coding Projects\DetoxX2\app.py:35]
2025-03-30 18:07:18,428 INFO: Analyzing content from URL: http://x.com/realdonaldtrump [in C:\SSD\ELVTR\Coding Projects\DetoxX2\app.py:35]
